Determining if the pthread_create exist failed with the following output:
Change Dir: /home/pi/catkin_ws/build/CMakeFiles/CMakeTmp

Run Build Command:/usr/bin/make "cmTryCompileExec1894721098/fast"
/usr/bin/make -f CMakeFiles/cmTryCompileExec1894721098.dir/build.make CMakeFiles/cmTryCompileExec1894721098.dir/build
make[1]: Entering directory `/home/pi/catkin_ws/build/CMakeFiles/CMakeTmp'
/usr/bin/cmake -E cmake_progress_report /home/pi/catkin_ws/build/CMakeFiles/CMakeTmp/CMakeFiles 1
Building C object CMakeFiles/cmTryCompileExec1894721098.dir/CheckSymbolExists.c.o
/usr/bin/gcc    -o CMakeFiles/cmTryCompileExec1894721098.dir/CheckSymbolExists.c.o   -c /home/pi/catkin_ws/build/CMakeFiles/CMakeTmp/CheckSymbolExists.c
Linking C executable cmTryCompileExec1894721098
/usr/bin/cmake -E cmake_link_script CMakeFiles/cmTryCompileExec1894721098.dir/link.txt --verbose=1
/usr/bin/gcc         CMakeFiles/cmTryCompileExec1894721098.dir/CheckSymbolExists.c.o  -o cmTryCompileExec1894721098 -rdynamic 
CMakeFiles/cmTryCompileExec1894721098.dir/CheckSymbolExists.c.o: In function `main':
CheckSymbolExists.c:(.text+0x38): undefinedmake[1]: Leaving directory `/home/pi/catkin_ws/build/CMakeFiles/CMakeTmp'
 reference to `pthread_create'
collect2: ld returned 1 exit status
make[1]: *** [cmTryCompileExec1894721098] Error 1
make: *** [cmTryCompileExec1894721098/fast] Error 2

File /home/pi/catkin_ws/build/CMakeFiles/CMakeTmp/CheckSymbolExists.c:
/* */
#include <pthread.h>

int main(int argc, char** argv)
{
  (void)argv;
#ifndef pthread_create
  return ((int*)(&pthread_create))[argc];
#else
  (void)argc;
  return 0;
#endif
}

Determining if the function pthread_create exists in the pthreads failed with the following output:
Change Dir: /home/pi/catkin_ws/build/CMakeFiles/CMakeTmp

Run Build Command:/usr/bin/make "cmTryCompileExec3493044566/fast"
/usr/bin/make -f CMakeFiles/cmTryCompileExec3493044566.dir/build.make CMakeFiles/cmTryCompileExec3493044566.dir/build
make[1]: Entering directory `/home/pi/catkin_ws/build/CMakeFiles/CMakeTmp'
/usr/bin/cmake -E cmake_progress_report /home/pi/catkin_ws/build/CMakeFiles/CMakeTmp/CMakeFiles 1
Building C object CMakeFiles/cmTryCompileExec3493044566.dir/CheckFunctionExists.c.o
/usr/bin/gcc   -DCHECK_FUNCTION_EXISTS=pthread_create   -o CMakeFiles/cmTryCompileExec3493044566.dir/CheckFunctionExists.c.o   -c /usr/share/cmake-2.8/Modules/CheckFunctionExists.c
Linking C executable cmTryCompileExec3493044566
/usr/bin/cmake -E cmake_link_script CMakeFiles/cmTryCompileExec3493044566.dir/link.txt --verbose=1
/usr/bin/gcc     -DCHECK_FUNCTION_EXISTS=pthread_create    CMakeFiles/cmTryCompileExec3493044566.dir/CheckFunctionExists.c.o  -o cmTryCompileExec3493044566 -rdynamic -lpthreads 
/usr/bin/ld: cannot find -lpthreads
collect2: ld returned 1 exit status
make[1]: Leaving directory `/home/pi/catkin_ws/build/CMakeFiles/CMakeTmp'
make[1]: *** [cmTryCompileExec3493044566] Error 1
make: *** [cmTryCompileExec3493044566/fast] Error 2


